[2020-07-05 03:06:20] [ INFO ] [SwhitchCase:46] Trabajador encontrado.
[2020-07-05 03:06:51] [ INFO ] [SwhitchCase:46] Trabajador encontrado.
[2020-07-05 03:10:51] [ INFO ] [SwhitchCase:335] hilo en marcha.
[2020-07-05 03:11:28] [ INFO ] [SwhitchCase:330] Compra realizada.
[2020-07-05 12:52:46] [ INFO ] [SwhitchCase:68] Trabajador encontrado.
[2020-07-05 13:02:04] [ INFO ] [SwhitchCase:68] Trabajador encontrado.
[2020-07-05 15:36:30] [ INFO ] [SwhitchCase:292] SwhitchCase.SwhitchCase(): >>>>>> Muensaje enviado a compañero.
[2020-07-05 15:36:41] [ INFO ] [SwhitchCase:69] Trabajador encontrado.
[2020-07-05 15:37:42] [ INFO ] [SwhitchCase:68] SwhitchCase.SwhitchCase(): >>>>>> Muensaje enviado a compañero.
[2020-07-05 15:38:06] [ INFO ] [SwhitchCase:69] Trabajador encontrado.
[2020-07-05 15:38:42] [ INFO ] [SwhitchCase:118] SwhitchCase.SwhitchCase(): >>>>>> Muensaje enviado a compañero.
[2020-07-05 16:03:39] [ INFO ] [SwhitchCase:118] SwhitchCase.SwhitchCase(): >>>>>> Muensaje enviado a compañero.
[2020-07-05 16:05:27] [ INFO ] [SwhitchCase:118] SwhitchCase.SwhitchCase(): >>>>>> Muensaje enviado a compañero.
[2020-07-05 16:06:09] [ INFO ] [SwhitchCase:118] SwhitchCase.SwhitchCase(): >>>>>> Muensaje enviado a compañero.
[2020-07-05 16:06:11] [ INFO ] [SwhitchCase:69] Trabajador encontrado.
[2020-07-05 16:10:18] [ INFO ] [SwhitchCase:365] Compra realizada.
[2020-07-05 16:10:29] [ INFO ] [SwhitchCase:370] hilo en marcha.
[2020-07-05 16:10:46] [ INFO ] [SwhitchCase:365] Compra realizada.
[2020-07-05 16:11:04] [ INFO ] [SwhitchCase:374] Hilo parado.
[2020-07-05 16:23:09] [ INFO ] [SwhitchCase:376] hilo en marcha.
[2020-07-05 16:23:59] [ INFO ] [SwhitchCase:371] Compra realizada.
[2020-07-05 16:24:53] [ INFO ] [SwhitchCase:75] Cliente encontrado.
[2020-07-05 16:34:08] [ INFO ] [SwhitchCase:69] Trabajador encontrado.
[2020-07-05 16:46:04] [ INFO ] [SwhitchCase:75] Cliente encontrado.
[2020-07-05 16:46:44] [ INFO ] [SwhitchCase:69] Trabajador encontrado.
[2020-07-05 16:47:46] [ INFO ] [SwhitchCase:118] SwhitchCase.SwhitchCase(): >>>>>> Muensaje enviado a compañero.
[2020-07-05 16:50:42] [ INFO ] [SwhitchCase:376] hilo en marcha.
[2020-07-05 16:50:53] [ INFO ] [SwhitchCase:371] Compra realizada.
[2020-07-05 16:52:05] [ INFO ] [SwhitchCase:371] Compra realizada.
[2020-07-05 16:52:50] [ INFO ] [SwhitchCase:371] Compra realizada.
[2020-07-05 16:53:04] [ INFO ] [SwhitchCase:371] Compra realizada.
[2020-07-05 16:53:28] [ INFO ] [SwhitchCase:371] Compra realizada.
[2020-07-05 16:55:49] [ INFO ] [SwhitchCase:371] Compra realizada.
[2020-07-05 16:58:42] [ INFO ] [SwhitchCase:371] Compra realizada.
[2020-07-05 17:00:53] [ INFO ] [SwhitchCase:371] Compra realizada.
[2020-07-05 17:33:08] [ INFO ] [SwhitchCase:371] Compra realizada.
[2020-07-05 17:36:22] [ INFO ] [SwhitchCase:374] hilo en marcha.
[2020-07-05 17:45:11] [ INFO ] [SwhitchCase:75] Cliente encontrado.
[2020-07-05 17:45:30] [ INFO ] [SwhitchCase:380] hilo en marcha.
[2020-07-05 17:45:51] [ INFO ] [SwhitchCase:373] Se ha comprado el articulo.
[2020-07-05 17:45:59] [ INFO ] [SwhitchCase:380] hilo en marcha.
[2020-07-05 17:46:06] [ INFO ] [SwhitchCase:373] Se ha comprado el articulo.
[2020-07-05 17:49:19] [ INFO ] [SwhitchCase:380] hilo en marcha.
[2020-07-05 17:49:25] [ INFO ] [SwhitchCase:373] Se ha comprado el articulo.
[2020-07-05 17:49:42] [ INFO ] [SwhitchCase:373] Se ha comprado el articulo.
[2020-07-05 17:53:48] [ INFO ] [SwhitchCase:295] SwhitchCase.SwhitchCase(): >>>>>> Muensaje enviado a compañero.
[2020-07-05 17:55:49] [ INFO ] [SwhitchCase:75] Cliente encontrado.
[2020-07-05 17:56:06] [ INFO ] [SwhitchCase:69] Trabajador encontrado.
[2020-07-05 18:11:31] [ INFO ] [SwhitchCase:75] Cliente encontrado.
[2020-07-05 18:20:36] [ INFO ] [SwhitchCase:69] Trabajador encontrado.
[2020-07-05 18:29:27] [ INFO ] [SwhitchCase:69] Trabajador encontrado.
[2020-07-05 18:29:36] [ INFO ] [SwhitchCase:373] Se ha comprado el articulo.
[2020-07-05 18:29:43] [ INFO ] [SwhitchCase:384] hilo en marcha.
[2020-07-05 20:44:21] [ INFO ] [SwhitchCase:72] Cliente encontrado.
